<?xml version="1.0" encoding="UTF-8"?>
<!-- Generated by org.testng.reporters.JUnitXMLReporter -->
<testsuite ignored="0" hostname="Sayali-MacBook-Air.local" failures="1" tests="1" name="Check" time="6.553" errors="0" timestamp="2025-04-07T20:29:21 IST">
  <testcase classname="fcpack.Check" name="testingCheck" time="6.174">
    <failure type="java.lang.AssertionError">
      <![CDATA[java.lang.AssertionError: 
at fcpack.Check.testingCheck(Check.java:25)
at java.base/java.util.ArrayList.forEach(ArrayList.java:1604)
... Removed 28 stack frames]]>
    </failure>
  </testcase> <!-- testingCheck -->
</testsuite> <!-- Check -->
